<?xml version="1.0" encoding="UTF-8"?>
<testsuite name="com.group.libraryapp.calcaulator.CalculatorTest" tests="1" skipped="0" failures="0" errors="0" timestamp="2024-02-18T12:12:08" hostname="LAPTOP-VLUIBGQV" time="0.066">
  <properties/>
  <testcase name="divideException()" classname="com.group.libraryapp.calcaulator.CalculatorTest" time="0.066"/>
  <system-out><![CDATA[]]></system-out>
  <system-err><![CDATA[]]></system-err>
</testsuite>
